app/build/outputs/logs/manifest-merger-debug-report.txt
-- Merging decision tree log ---
manifest
ADDED from src/main/AndroidManifest.xml:2:1-43:12
INJECTED from src/main/AndroidManifest.xml:2:1-43:12
INJECTED from src/main/AndroidManifest.xml:2:1-43:12
INJECTED from src/main/AndroidManifest.xml:2:1-43:12
MERGED from [androidx.preference:preference:1.1.0-beta01] AndroidManifest.xml:17:1-24:12
MERGED from [asia.kanopi.tools:fingerscan:0.1] AndroidManifest.xml:2:1-17:12
MERGED from [com.github.lmone:SourceAFIS-Android:v3.4.0-fix3] AndroidManifest.xml:2:1-11:12
MERGED from [com.github.esafirm.android-image-picker:imagepicker:1.12.0] AndroidManifest.xml:2:1-32:12
MERGED from [androidx.appcompat:appcompat:1.1.0-beta01] AndroidManifest.xml:17:1-24:12
MERGED from [androidx.constraintlayout:constraintlayout:1.1.3] AndroidManifest.xml:2:1-11:12
MERGED from [com.github.bumptech.glide:glide:4.5.0] AndroidManifest.xml:2:1-13:12
MERGED from [androidx.fragment:fragment:1.1.0-beta01] AndroidManifest.xml:17:1-24:12
MERGED from [androidx.recyclerview:recyclerview:1.0.0] AndroidManifest.xml:17:1-22:12
MERGED from [androidx.appcompat:appcompat-resources:1.1.0-beta01] AndroidManifest.xml:17:1-24:12
MERGED from [androidx.legacy:legacy-support-core-ui:1.0.0] AndroidManifest.xml:17:1-22:12
MERGED from [androidx.drawerlayout:drawerlayout:1.0.0] AndroidManifest.xml:17:1-22:12
MERGED from [androidx.viewpager:viewpager:1.0.0] AndroidManifest.xml:17:1-22:12
MERGED from [androidx.legacy:legacy-support-core-utils:1.0.0] AndroidManifest.xml:17:1-22:12
MERGED from [androidx.loader:loader:1.0.0] AndroidManifest.xml:17:1-22:12
MERGED from [androidx.activity:activity:1.0.0-beta01] AndroidManifest.xml:17:1-24:12
MERGED from [androidx.vectordrawable:vectordrawable-animated:1.1.0-beta02] AndroidManifest.xml:17:1-24:12
MERGED from [androidx.vectordrawable:vectordrawable:1.1.0-beta02] AndroidManifest.xml:17:1-24:12
MERGED from [androidx.coordinatorlayout:coordinatorlayout:1.0.0] AndroidManifest.xml:17:1-22:12
MERGED from [androidx.slidingpanelayout:slidingpanelayout:1.0.0] AndroidManifest.xml:17:1-22:12
MERGED from [androidx.customview:customview:1.0.0] AndroidManifest.xml:17:1-22:12
MERGED from [androidx.swiperefreshlayout:swiperefreshlayout:1.0.0] AndroidManifest.xml:17:1-22:12
MERGED from [androidx.asynclayoutinflater:asynclayoutinflater:1.0.0] AndroidManifest.xml:17:1-22:12
MERGED from [androidx.core:core:1.1.0-rc01] AndroidManifest.xml:17:1-26:12
MERGED from [androidx.cursoradapter:cursoradapter:1.0.0] AndroidManifest.xml:17:1-22:12
MERGED from [androidx.versionedparcelable:versionedparcelable:1.1.0-rc01] AndroidManifest.xml:17:1-27:12
MERGED from [androidx.lifecycle:lifecycle-runtime:2.1.0-beta01] AndroidManifest.xml:17:1-22:12
MERGED from [androidx.lifecycle:lifecycle-viewmodel:2.1.0-beta01] AndroidManifest.xml:17:1-22:12
MERGED from [androidx.savedstate:savedstate:1.0.0-beta01] AndroidManifest.xml:17:1-22:12
MERGED from [androidx.interpolator:interpolator:1.0.0] AndroidManifest.xml:17:1-22:12
MERGED from [com.github.bumptech.glide:gifdecoder:4.5.0] AndroidManifest.xml:2:1-11:12
MERGED from [androidx.lifecycle:lifecycle-livedata:2.0.0] AndroidManifest.xml:17:1-22:12
MERGED from [androidx.lifecycle:lifecycle-livedata-core:2.0.0] AndroidManifest.xml:17:1-22:12
MERGED from [androidx.arch.core:core-runtime:2.0.0] AndroidManifest.xml:17:1-22:12
MERGED from [androidx.documentfile:documentfile:1.0.0] AndroidManifest.xml:17:1-22:12
MERGED from [androidx.localbroadcastmanager:localbroadcastmanager:1.0.0] AndroidManifest.xml:17:1-22:12
MERGED from [androidx.print:print:1.0.0] AndroidManifest.xml:17:1-22:12
INJECTED from src/main/AndroidManifest.xml:2:1-43:12
INJECTED from src/main/AndroidManifest.xml:2:1-43:12
INJECTED from src/main/AndroidManifest.xml:2:1-43:12
	package
		ADDED from src/main/AndroidManifest.xml:4:5-42
		INJECTED from src/main/AndroidManifest.xml
		INJECTED from src/main/AndroidManifest.xml
	android:versionName
		INJECTED from src/main/AndroidManifest.xml
		ADDED from src/main/AndroidManifest.xml:2:1-43:12
		INJECTED from src/main/AndroidManifest.xml
	xmlns:tools
		ADDED from src/main/AndroidManifest.xml:3:5-51
	android:versionCode
		INJECTED from src/main/AndroidManifest.xml
		ADDED from src/main/AndroidManifest.xml:2:1-43:12
		INJECTED from src/main/AndroidManifest.xml
	xmlns:android
		ADDED from src/main/AndroidManifest.xml:2:11-69
uses-permission#android.permission.INTERNET
ADDED from src/main/AndroidManifest.xml:5:5-66
	android:name
		ADDED from src/main/AndroidManifest.xml:5:22-64
application
ADDED from src/main/AndroidManifest.xml:7:5-41:19
MERGED from [asia.kanopi.tools:fingerscan:0.1] AndroidManifest.xml:11:5-15:19
MERGED from [asia.kanopi.tools:fingerscan:0.1] AndroidManifest.xml:11:5-15:19
MERGED from [com.github.esafirm.android-image-picker:imagepicker:1.12.0] AndroidManifest.xml:15:5-30:19
MERGED from [com.github.esafirm.android-image-picker:imagepicker:1.12.0] AndroidManifest.xml:15:5-30:19
MERGED from [androidx.constraintlayout:constraintlayout:1.1.3] AndroidManifest.xml:9:5-20
MERGED from [androidx.constraintlayout:constraintlayout:1.1.3] AndroidManifest.xml:9:5-20
MERGED from [com.github.bumptech.glide:glide:4.5.0] AndroidManifest.xml:11:5-20
MERGED from [com.github.bumptech.glide:glide:4.5.0] AndroidManifest.xml:11:5-20
MERGED from [androidx.core:core:1.1.0-rc01] AndroidManifest.xml:24:5-89
MERGED from [androidx.core:core:1.1.0-rc01] AndroidManifest.xml:24:5-89
MERGED from [androidx.versionedparcelable:versionedparcelable:1.1.0-rc01] AndroidManifest.xml:24:5-25:19
MERGED from [androidx.versionedparcelable:versionedparcelable:1.1.0-rc01] AndroidManifest.xml:24:5-25:19
MERGED from [com.github.bumptech.glide:gifdecoder:4.5.0] AndroidManifest.xml:9:5-20
MERGED from [com.github.bumptech.glide:gifdecoder:4.5.0] AndroidManifest.xml:9:5-20
	android:appComponentFactory
		ADDED from [androidx.core:core:1.1.0-rc01] AndroidManifest.xml:24:18-86
	android:supportsRtl
		ADDED from src/main/AndroidManifest.xml:12:9-35
	android:label
		ADDED from src/main/AndroidManifest.xml:10:9-41
	tools:ignore
		ADDED from src/main/AndroidManifest.xml:14:9-48
	android:roundIcon
		ADDED from src/main/AndroidManifest.xml:11:9-54
	android:icon
		ADDED from src/main/AndroidManifest.xml:9:9-43
	android:allowBackup
		ADDED from src/main/AndroidManifest.xml:8:9-35
	android:theme
		ADDED from src/main/AndroidManifest.xml:13:9-40
activity#com.orsys.agorabiocollector.LoginActivity
ADDED from src/main/AndroidManifest.xml:16:9-20:20
	android:label
		ADDED from src/main/AndroidManifest.xml:18:13-42
	android:name
		ADDED from src/main/AndroidManifest.xml:17:13-42
activity#com.orsys.agorabiocollector.HomeActivity
ADDED from src/main/AndroidManifest.xml:22:9-26:20
	android:label
		ADDED from src/main/AndroidManifest.xml:24:13-45
	android:name
		ADDED from src/main/AndroidManifest.xml:23:13-41
activity#com.orsys.agorabiocollector.ScanActivity
ADDED from src/main/AndroidManifest.xml:28:9-29:58
	android:windowSoftInputMode
		ADDED from src/main/AndroidManifest.xml:29:13-55
	android:name
		ADDED from src/main/AndroidManifest.xml:28:19-47
activity#com.orsys.agorabiocollector.PINActivity
ADDED from src/main/AndroidManifest.xml:31:9-32:58
	android:windowSoftInputMode
		ADDED from src/main/AndroidManifest.xml:32:13-55
	android:name
		ADDED from src/main/AndroidManifest.xml:31:19-46
activity#com.orsys.agorabiocollector.MainActivity
ADDED from src/main/AndroidManifest.xml:34:9-40:20
	android:name
		ADDED from src/main/AndroidManifest.xml:34:19-47
intent-filter#action:name:android.intent.action.MAIN+category:name:android.intent.category.LAUNCHER
ADDED from src/main/AndroidManifest.xml:35:13-39:29
action#android.intent.action.MAIN
ADDED from src/main/AndroidManifest.xml:36:17-69
	android:name
		ADDED from src/main/AndroidManifest.xml:36:25-66
category#android.intent.category.LAUNCHER
ADDED from src/main/AndroidManifest.xml:38:17-77
	android:name
		ADDED from src/main/AndroidManifest.xml:38:27-74
uses-sdk
INJECTED from src/main/AndroidManifest.xml reason: use-sdk injection requested
INJECTED from src/main/AndroidManifest.xml
INJECTED from src/main/AndroidManifest.xml
MERGED from [androidx.preference:preference:1.1.0-beta01] AndroidManifest.xml:20:5-22:41
MERGED from [androidx.preference:preference:1.1.0-beta01] AndroidManifest.xml:20:5-22:41
MERGED from [asia.kanopi.tools:fingerscan:0.1] AndroidManifest.xml:7:5-9:41
MERGED from [asia.kanopi.tools:fingerscan:0.1] AndroidManifest.xml:7:5-9:41
MERGED from [com.github.lmone:SourceAFIS-Android:v3.4.0-fix3] AndroidManifest.xml:7:5-9:41
MERGED from [com.github.lmone:SourceAFIS-Android:v3.4.0-fix3] AndroidManifest.xml:7:5-9:41
MERGED from [com.github.esafirm.android-image-picker:imagepicker:1.12.0] AndroidManifest.xml:7:5-9:41
MERGED from [com.github.esafirm.android-image-picker:imagepicker:1.12.0] AndroidManifest.xml:7:5-9:41
MERGED from [androidx.appcompat:appcompat:1.1.0-beta01] AndroidManifest.xml:20:5-22:41
MERGED from [androidx.appcompat:appcompat:1.1.0-beta01] AndroidManifest.xml:20:5-22:41
MERGED from [androidx.constraintlayout:constraintlayout:1.1.3] AndroidManifest.xml:5:5-7:41
MERGED from [androidx.constraintlayout:constraintlayout:1.1.3] AndroidManifest.xml:5:5-7:41
MERGED from [com.github.bumptech.glide:glide:4.5.0] AndroidManifest.xml:7:5-9:41
MERGED from [com.github.bumptech.glide:glide:4.5.0] AndroidManifest.xml:7:5-9:41
MERGED from [androidx.fragment:fragment:1.1.0-beta01] AndroidManifest.xml:20:5-22:41
MERGED from [androidx.fragment:fragment:1.1.0-beta01] AndroidManifest.xml:20:5-22:41
MERGED from [androidx.recyclerview:recyclerview:1.0.0] AndroidManifest.xml:20:5-44
MERGED from [androidx.recyclerview:recyclerview:1.0.0] AndroidManifest.xml:20:5-44
MERGED from [androidx.appcompat:appcompat-resources:1.1.0-beta01] AndroidManifest.xml:20:5-22:41
MERGED from [androidx.appcompat:appcompat-resources:1.1.0-beta01] AndroidManifest.xml:20:5-22:41
MERGED from [androidx.legacy:legacy-support-core-ui:1.0.0] AndroidManifest.xml:20:5-44
MERGED from [androidx.legacy:legacy-support-core-ui:1.0.0] AndroidManifest.xml:20:5-44
MERGED from [androidx.drawerlayout:drawerlayout:1.0.0] AndroidManifest.xml:20:5-44
MERGED from [androidx.drawerlayout:drawerlayout:1.0.0] AndroidManifest.xml:20:5-44
MERGED from [androidx.viewpager:viewpager:1.0.0] AndroidManifest.xml:20:5-44
MERGED from [androidx.viewpager:viewpager:1.0.0] AndroidManifest.xml:20:5-44
MERGED from [androidx.legacy:legacy-support-core-utils:1.0.0] AndroidManifest.xml:20:5-44
MERGED from [androidx.legacy:legacy-support-core-utils:1.0.0] AndroidManifest.xml:20:5-44
MERGED from [androidx.loader:loader:1.0.0] AndroidManifest.xml:20:5-44
MERGED from [androidx.loader:loader:1.0.0] AndroidManifest.xml:20:5-44
MERGED from [androidx.activity:activity:1.0.0-beta01] AndroidManifest.xml:20:5-22:41
MERGED from [androidx.activity:activity:1.0.0-beta01] AndroidManifest.xml:20:5-22:41
MERGED from [androidx.vectordrawable:vectordrawable-animated:1.1.0-beta02] AndroidManifest.xml:20:5-22:41
MERGED from [androidx.vectordrawable:vectordrawable-animated:1.1.0-beta02] AndroidManifest.xml:20:5-22:41
MERGED from [androidx.vectordrawable:vectordrawable:1.1.0-beta02] AndroidManifest.xml:20:5-22:41
MERGED from [androidx.vectordrawable:vectordrawable:1.1.0-beta02] AndroidManifest.xml:20:5-22:41
MERGED from [androidx.coordinatorlayout:coordinatorlayout:1.0.0] AndroidManifest.xml:20:5-44
MERGED from [androidx.coordinatorlayout:coordinatorlayout:1.0.0] AndroidManifest.xml:20:5-44
MERGED from [androidx.slidingpanelayout:slidingpanelayout:1.0.0] AndroidManifest.xml:20:5-44
MERGED from [androidx.slidingpanelayout:slidingpanelayout:1.0.0] AndroidManifest.xml:20:5-44
MERGED from [androidx.customview:customview:1.0.0] AndroidManifest.xml:20:5-44
MERGED from [androidx.customview:customview:1.0.0] AndroidManifest.xml:20:5-44
MERGED from [androidx.swiperefreshlayout:swiperefreshlayout:1.0.0] AndroidManifest.xml:20:5-44
MERGED from [androidx.swiperefreshlayout:swiperefreshlayout:1.0.0] AndroidManifest.xml:20:5-44
MERGED from [androidx.asynclayoutinflater:asynclayoutinflater:1.0.0] AndroidManifest.xml:20:5-44
MERGED from [androidx.asynclayoutinflater:asynclayoutinflater:1.0.0] AndroidManifest.xml:20:5-44
MERGED from [androidx.core:core:1.1.0-rc01] AndroidManifest.xml:20:5-22:41
MERGED from [androidx.core:core:1.1.0-rc01] AndroidManifest.xml:20:5-22:41
MERGED from [androidx.cursoradapter:cursoradapter:1.0.0] AndroidManifest.xml:20:5-44
MERGED from [androidx.cursoradapter:cursoradapter:1.0.0] AndroidManifest.xml:20:5-44
MERGED from [androidx.versionedparcelable:versionedparcelable:1.1.0-rc01] AndroidManifest.xml:20:5-22:41
MERGED from [androidx.versionedparcelable:versionedparcelable:1.1.0-rc01] AndroidManifest.xml:20:5-22:41
MERGED from [androidx.lifecycle:lifecycle-runtime:2.1.0-beta01] AndroidManifest.xml:20:5-44
MERGED from [androidx.lifecycle:lifecycle-runtime:2.1.0-beta01] AndroidManifest.xml:20:5-44
MERGED from [androidx.lifecycle:lifecycle-viewmodel:2.1.0-beta01] AndroidManifest.xml:20:5-44
MERGED from [androidx.lifecycle:lifecycle-viewmodel:2.1.0-beta01] AndroidManifest.xml:20:5-44
MERGED from [androidx.savedstate:savedstate:1.0.0-beta01] AndroidManifest.xml:20:5-44
MERGED from [androidx.savedstate:savedstate:1.0.0-beta01] AndroidManifest.xml:20:5-44
MERGED from [androidx.interpolator:interpolator:1.0.0] AndroidManifest.xml:20:5-44
MERGED from [androidx.interpolator:interpolator:1.0.0] AndroidManifest.xml:20:5-44
MERGED from [com.github.bumptech.glide:gifdecoder:4.5.0] AndroidManifest.xml:5:5-7:41
MERGED from [com.github.bumptech.glide:gifdecoder:4.5.0] AndroidManifest.xml:5:5-7:41
MERGED from [androidx.lifecycle:lifecycle-livedata:2.0.0] AndroidManifest.xml:20:5-44
MERGED from [androidx.lifecycle:lifecycle-livedata:2.0.0] AndroidManifest.xml:20:5-44
MERGED from [androidx.lifecycle:lifecycle-livedata-core:2.0.0] AndroidManifest.xml:20:5-44
MERGED from [androidx.lifecycle:lifecycle-livedata-core:2.0.0] AndroidManifest.xml:20:5-44
MERGED from [androidx.arch.core:core-runtime:2.0.0] AndroidManifest.xml:20:5-44
MERGED from [androidx.arch.core:core-runtime:2.0.0] AndroidManifest.xml:20:5-44
MERGED from [androidx.documentfile:documentfile:1.0.0] AndroidManifest.xml:20:5-44
MERGED from [androidx.documentfile:documentfile:1.0.0] AndroidManifest.xml:20:5-44
MERGED from [androidx.localbroadcastmanager:localbroadcastmanager:1.0.0] AndroidManifest.xml:20:5-44
MERGED from [androidx.localbroadcastmanager:localbroadcastmanager:1.0.0] AndroidManifest.xml:20:5-44
MERGED from [androidx.print:print:1.0.0] AndroidManifest.xml:20:5-44
MERGED from [androidx.print:print:1.0.0] AndroidManifest.xml:20:5-44
INJECTED from src/main/AndroidManifest.xml
INJECTED from src/main/AndroidManifest.xml
	android:targetSdkVersion
		INJECTED from src/main/AndroidManifest.xml
		ADDED from src/main/AndroidManifest.xml
		INJECTED from src/main/AndroidManifest.xml
	android:minSdkVersion
		INJECTED from src/main/AndroidManifest.xml
		ADDED from src/main/AndroidManifest.xml
		INJECTED from src/main/AndroidManifest.xml
uses-permission#android.permission.READ_EXTERNAL_STORAGE
ADDED from [com.github.esafirm.android-image-picker:imagepicker:1.12.0] AndroidManifest.xml:11:5-80
	android:name
		ADDED from [com.github.esafirm.android-image-picker:imagepicker:1.12.0] AndroidManifest.xml:11:22-77
uses-permission#android.permission.WRITE_EXTERNAL_STORAGE
ADDED from [com.github.esafirm.android-image-picker:imagepicker:1.12.0] AndroidManifest.xml:12:5-81
	android:name
		ADDED from [com.github.esafirm.android-image-picker:imagepicker:1.12.0] AndroidManifest.xml:12:22-78
uses-permission#android.permission.CAMERA
ADDED from [com.github.esafirm.android-image-picker:imagepicker:1.12.0] AndroidManifest.xml:13:5-65
	android:name
		ADDED from [com.github.esafirm.android-image-picker:imagepicker:1.12.0] AndroidManifest.xml:13:22-62
activity#com.esafirm.imagepicker.features.ImagePickerActivity
ADDED from [com.github.esafirm.android-image-picker:imagepicker:1.12.0] AndroidManifest.xml:16:9-19:50
	android:configChanges
		ADDED from [com.github.esafirm.android-image-picker:imagepicker:1.12.0] AndroidManifest.xml:18:13-59
	android:theme
		ADDED from [com.github.esafirm.android-image-picker:imagepicker:1.12.0] AndroidManifest.xml:19:13-47
	android:name
		ADDED from [com.github.esafirm.android-image-picker:imagepicker:1.12.0] AndroidManifest.xml:17:13-80
provider#com.esafirm.imagepicker.helper.ImagePickerFileProvider
ADDED from [com.github.esafirm.android-image-picker:imagepicker:1.12.0] AndroidManifest.xml:21:9-29:20
	android:grantUriPermissions
		ADDED from [com.github.esafirm.android-image-picker:imagepicker:1.12.0] AndroidManifest.xml:25:13-47
	android:authorities
		ADDED from [com.github.esafirm.android-image-picker:imagepicker:1.12.0] AndroidManifest.xml:23:13-72
	android:exported
		ADDED from [com.github.esafirm.android-image-picker:imagepicker:1.12.0] AndroidManifest.xml:24:13-37
	android:name
		ADDED from [com.github.esafirm.android-image-picker:imagepicker:1.12.0] AndroidManifest.xml:22:13-82
meta-data#android.support.FILE_PROVIDER_PATHS
ADDED from [com.github.esafirm.android-image-picker:imagepicker:1.12.0] AndroidManifest.xml:26:13-28:71
	android:resource
		ADDED from [com.github.esafirm.android-image-picker:imagepicker:1.12.0] AndroidManifest.xml:28:17-68
	android:name
		ADDED from [com.github.esafirm.android-image-picker:imagepicker:1.12.0] AndroidManifest.xml:27:17-67